<?xml version="1.0" encoding="UTF-8"?>
<!-- Generated by org.testng.reporters.JUnitXMLReporter -->
<testsuite hostname="DESKTOP-39M4H89" ignored="0" name="Test" tests="1" failures="0" timestamp="20 Dec 2018 06:17:25 GMT" time="0.027" errors="0">
  <testcase name="@BeforeMethod preCondition" time="0.004" classname="TestCase.TS01_Login">
    <failure type="java.lang.NullPointerException">
      <![CDATA[java.lang.NullPointerException
at Utilities.SeleUtilis.deleteCookies(SeleUtilis.java:109)
at TestCase.TS01_Login.preCondition(TS01_Login.java:20)
... Removed 28 stack frames]]>
    </failure>
  </testcase> <!-- @BeforeMethod preCondition -->
  <testcase name="TC_01_verify_user_login" time="0.0" classname="TestCase.TS01_Login">
    <skipped/>
  </testcase> <!-- TC_01_verify_user_login -->
</testsuite> <!-- Test -->
